Using pre-set license
Built from '2021.1/staging' branch; Version is '2021.1.0b10 (b27f69638034) revision 11698025'; Using compiler version '192528614'; Build Type 'Release'
OS: 'Windows 10 Home; OS build 18363.1440; Version 1909; 64bit' Language: 'en' Physical Memory: 16292 MB
BatchMode: 1, IsHumanControllingUs: 0, StartBugReporterOnCrash: 0, Is64bit: 1, IsPro: 0

 COMMAND LINE ARGUMENTS:
C:\Program Files\Unity\Hub\Editor\2021.1.0b10\Editor\Unity.exe
-adb2
-batchMode
-noUpm
-name
AssetImportWorker0
-projectPath
C:/Unchambered
-logFile
Logs/AssetImportWorker0.log
-srvPort
57624
Successfully changed project path to: C:/Unchambered
C:/Unchambered
Using Asset Import Pipeline V2.
Refreshing native plugins compatible for Editor in 78.63 ms, found 0 plugins.
Preloading 0 native plugins for Editor in 0.00 ms.
Initialize engine version: 2021.1.0b10 (b27f69638034)
[Subsystems] Discovering subsystems at path C:/Program Files/Unity/Hub/Editor/2021.1.0b10/Editor/Data/Resources/UnitySubsystems
[Subsystems] Discovering subsystems at path C:/Unchambered/Assets
GfxDevice: creating device client; threaded=0; jobified=0
Direct3D:
    Version:  Direct3D 11.0 [level 11.1]
    Renderer: Intel(R) Iris(TM) Pro Graphics 5200 (ID=0xd26)
    Vendor:   Intel
    VRAM:     2048 MB
    Driver:   20.19.15.4624
Shader 'Universal Render Pipeline/Particles/Lit': fallback shader 'Universal Render Pipeline/Particles/SimpleLit' not found
Initialize mono
Mono path[0] = 'C:/Program Files/Unity/Hub/Editor/2021.1.0b10/Editor/Data/Managed'
Mono path[1] = 'C:/Program Files/Unity/Hub/Editor/2021.1.0b10/Editor/Data/MonoBleedingEdge/lib/mono/unityjit'
Mono config path = 'C:/Program Files/Unity/Hub/Editor/2021.1.0b10/Editor/Data/MonoBleedingEdge/etc'
Using monoOptions --debugger-agent=transport=dt_socket,embedding=1,server=y,suspend=n,address=127.0.0.1:56172
Begin MonoManager ReloadAssembly
Registering precompiled unity dll's ...
Register platform support module: C:/Program Files/Unity/Hub/Editor/2021.1.0b10/Editor/Data/PlaybackEngines/MacStandaloneSupport/UnityEditor.OSXStandalone.Extensions.dll
Register platform support module: C:/Program Files/Unity/Hub/Editor/2021.1.0b10/Editor/Data/PlaybackEngines/WindowsStandaloneSupport/UnityEditor.WindowsStandalone.Extensions.dll
Register platform support module: C:/Program Files/Unity/Hub/Editor/2021.1.0b10/Editor/Data/PlaybackEngines/LinuxStandaloneSupport/UnityEditor.LinuxStandalone.Extensions.dll
Registered in 0.030400 seconds.
Native extension for LinuxStandalone target not found
Native extension for WindowsStandalone target not found
Native extension for OSXStandalone target not found
Refreshing native plugins compatible for Editor in 78.27 ms, found 0 plugins.
Preloading 0 native plugins for Editor in 0.00 ms.
Mono: successfully reloaded assembly
- Completed reload, in  1.896 seconds
Platform modules already initialized, skipping
Registering precompiled user dll's ...
Registered in 0.001451 seconds.
Begin MonoManager ReloadAssembly
Native extension for LinuxStandalone target not found
Native extension for WindowsStandalone target not found
Native extension for OSXStandalone target not found
Refreshing native plugins compatible for Editor in 88.24 ms, found 0 plugins.
Preloading 0 native plugins for Editor in 0.00 ms.
Mono: successfully reloaded assembly
- Completed reload, in  2.044 seconds
Platform modules already initialized, skipping
========================================================================
Worker process is ready to serve import requests
Shader 'Universal Render Pipeline/Particles/Lit': fallback shader 'Universal Render Pipeline/Particles/SimpleLit' not found
Launched and connected shader compiler UnityShaderCompiler.exe after 0.06 seconds
Refreshing native plugins compatible for Editor in 1.44 ms, found 0 plugins.
Preloading 0 native plugins for Editor in 0.00 ms.
Unloading 3476 Unused Serialized files (Serialized files now loaded: 0)
System memory in use before: 161.8 MB.
System memory in use after: 161.9 MB.

Unloading 93 unused Assets to reduce memory usage. Loaded Objects now: 3930.
Total: 4.714700 ms (FindLiveObjects: 0.337500 ms CreateObjectMapping: 0.263500 ms MarkObjects: 3.842500 ms  DeleteObjects: 0.270000 ms)

========================================================================
Received Import Request.
  path: Assets/Cube.prefab
  artifactKey: Guid(1c2bafed9a4355c48870b74ff1b8c688) Importer(815301076,1909f56bfc062723c751e8b465ee728b)
Start importing Assets/Cube.prefab using Guid(1c2bafed9a4355c48870b74ff1b8c688) Importer(815301076,1909f56bfc062723c751e8b465ee728b)  -> (artifact id: '26a6e199f8e20e14caf5f128bc1b8bdc') in 0.390424 seconds 
========================================================================
Received Import Request.
  Time since last request: 0.000241 seconds.
  path: Assets/Settings/UniversalRP-LowQuality.asset
  artifactKey: Guid(a31e9f9f9c9d4b9429ed0d1234e22103) Importer(815301076,1909f56bfc062723c751e8b465ee728b)
Start importing Assets/Settings/UniversalRP-LowQuality.asset using Guid(a31e9f9f9c9d4b9429ed0d1234e22103) Importer(815301076,1909f56bfc062723c751e8b465ee728b)  -> (artifact id: '5f1872c86284895e4e2a8d9b62b19fca') in 0.013506 seconds 
========================================================================
Received Prepare
Registering precompiled user dll's ...
Registered in 0.001340 seconds.
Begin MonoManager ReloadAssembly
Native extension for LinuxStandalone target not found
Native extension for WindowsStandalone target not found
Native extension for OSXStandalone target not found
Refreshing native plugins compatible for Editor in 0.72 ms, found 0 plugins.
Preloading 0 native plugins for Editor in 0.00 ms.
Warning: Annotation not found!
UnityEngine.StackTraceUtility:ExtractStackTrace ()
UnityEditor.ProBuilder.EditorUtility:SetGizmoIconEnabled (System.Type,bool) (at Library/PackageCache/com.unity.probuilder@5.0.1/Editor/EditorCore/EditorUtility.cs:575)
UnityEditor.ProBuilder.HierarchyListener:.cctor () (at Library/PackageCache/com.unity.probuilder@5.0.1/Editor/EditorCore/HierarchyListener.cs:21)
System.Runtime.CompilerServices.RuntimeHelpers:RunClassConstructor (System.RuntimeTypeHandle)
UnityEditor.EditorAssemblies:ProcessInitializeOnLoadAttributes (System.Type[])

[Library/PackageCache/com.unity.probuilder@5.0.1/Editor/EditorCore/EditorUtility.cs line 575]

Mono: successfully reloaded assembly
- Completed reload, in  4.703 seconds
Platform modules already initialized, skipping
Shader 'Universal Render Pipeline/Particles/Lit': fallback shader 'Universal Render Pipeline/Particles/SimpleLit' not found
Refreshing native plugins compatible for Editor in 1.48 ms, found 0 plugins.
Preloading 0 native plugins for Editor in 0.00 ms.
Unloading 3319 Unused Serialized files (Serialized files now loaded: 0)
System memory in use before: 158.3 MB.
System memory in use after: 158.5 MB.

Unloading 9 unused Assets to reduce memory usage. Loaded Objects now: 3980.
Total: 8.398100 ms (FindLiveObjects: 0.508200 ms CreateObjectMapping: 0.372000 ms MarkObjects: 6.756500 ms  DeleteObjects: 0.758600 ms)

========================================================================
Received Prepare
Registering precompiled user dll's ...
Registered in 0.001594 seconds.
Begin MonoManager ReloadAssembly
Native extension for LinuxStandalone target not found
Native extension for WindowsStandalone target not found
Native extension for OSXStandalone target not found
Refreshing native plugins compatible for Editor in 0.75 ms, found 0 plugins.
Preloading 0 native plugins for Editor in 0.00 ms.
Warning: Annotation not found!
UnityEngine.StackTraceUtility:ExtractStackTrace ()
UnityEditor.ProBuilder.EditorUtility:SetGizmoIconEnabled (System.Type,bool) (at Library/PackageCache/com.unity.probuilder@5.0.1/Editor/EditorCore/EditorUtility.cs:575)
UnityEditor.ProBuilder.HierarchyListener:.cctor () (at Library/PackageCache/com.unity.probuilder@5.0.1/Editor/EditorCore/HierarchyListener.cs:21)
System.Runtime.CompilerServices.RuntimeHelpers:RunClassConstructor (System.RuntimeTypeHandle)
UnityEditor.EditorAssemblies:ProcessInitializeOnLoadAttributes (System.Type[])

[Library/PackageCache/com.unity.probuilder@5.0.1/Editor/EditorCore/EditorUtility.cs line 575]

Mono: successfully reloaded assembly
- Completed reload, in  1.712 seconds
Platform modules already initialized, skipping
Shader 'Universal Render Pipeline/Particles/Lit': fallback shader 'Universal Render Pipeline/Particles/SimpleLit' not found
Refreshing native plugins compatible for Editor in 0.77 ms, found 0 plugins.
Preloading 0 native plugins for Editor in 0.00 ms.
Unloading 3318 Unused Serialized files (Serialized files now loaded: 0)
System memory in use before: 158.4 MB.
System memory in use after: 158.6 MB.

Unloading 8 unused Assets to reduce memory usage. Loaded Objects now: 3983.
Total: 7.530500 ms (FindLiveObjects: 0.466200 ms CreateObjectMapping: 0.420200 ms MarkObjects: 6.500800 ms  DeleteObjects: 0.141600 ms)

========================================================================
Received Prepare
Registering precompiled user dll's ...
Registered in 0.001494 seconds.
Begin MonoManager ReloadAssembly
Native extension for LinuxStandalone target not found
Native extension for WindowsStandalone target not found
Native extension for OSXStandalone target not found
Refreshing native plugins compatible for Editor in 1.95 ms, found 0 plugins.
Preloading 0 native plugins for Editor in 0.00 ms.
Warning: Annotation not found!
UnityEngine.StackTraceUtility:ExtractStackTrace ()
UnityEditor.ProBuilder.EditorUtility:SetGizmoIconEnabled (System.Type,bool) (at Library/PackageCache/com.unity.probuilder@5.0.1/Editor/EditorCore/EditorUtility.cs:575)
UnityEditor.ProBuilder.HierarchyListener:.cctor () (at Library/PackageCache/com.unity.probuilder@5.0.1/Editor/EditorCore/HierarchyListener.cs:21)
System.Runtime.CompilerServices.RuntimeHelpers:RunClassConstructor (System.RuntimeTypeHandle)
UnityEditor.EditorAssemblies:ProcessInitializeOnLoadAttributes (System.Type[])

[Library/PackageCache/com.unity.probuilder@5.0.1/Editor/EditorCore/EditorUtility.cs line 575]

Mono: successfully reloaded assembly
- Completed reload, in  2.289 seconds
Platform modules already initialized, skipping
Shader 'Universal Render Pipeline/Particles/Lit': fallback shader 'Universal Render Pipeline/Particles/SimpleLit' not found
Refreshing native plugins compatible for Editor in 0.84 ms, found 0 plugins.
Preloading 0 native plugins for Editor in 0.00 ms.
Unloading 3318 Unused Serialized files (Serialized files now loaded: 0)
System memory in use before: 158.3 MB.
System memory in use after: 158.5 MB.

Unloading 8 unused Assets to reduce memory usage. Loaded Objects now: 3986.
Total: 5.313600 ms (FindLiveObjects: 0.480500 ms CreateObjectMapping: 0.435300 ms MarkObjects: 4.285300 ms  DeleteObjects: 0.110300 ms)

========================================================================
Received Prepare
Registering precompiled user dll's ...
Registered in 0.001391 seconds.
Begin MonoManager ReloadAssembly
Native extension for LinuxStandalone target not found
Native extension for WindowsStandalone target not found
Native extension for OSXStandalone target not found
Refreshing native plugins compatible for Editor in 0.73 ms, found 0 plugins.
Preloading 0 native plugins for Editor in 0.00 ms.
Warning: Annotation not found!
UnityEngine.StackTraceUtility:ExtractStackTrace ()
UnityEditor.ProBuilder.EditorUtility:SetGizmoIconEnabled (System.Type,bool) (at Library/PackageCache/com.unity.probuilder@5.0.1/Editor/EditorCore/EditorUtility.cs:575)
UnityEditor.ProBuilder.HierarchyListener:.cctor () (at Library/PackageCache/com.unity.probuilder@5.0.1/Editor/EditorCore/HierarchyListener.cs:21)
System.Runtime.CompilerServices.RuntimeHelpers:RunClassConstructor (System.RuntimeTypeHandle)
UnityEditor.EditorAssemblies:ProcessInitializeOnLoadAttributes (System.Type[])

[Library/PackageCache/com.unity.probuilder@5.0.1/Editor/EditorCore/EditorUtility.cs line 575]

Mono: successfully reloaded assembly
- Completed reload, in  2.238 seconds
Platform modules already initialized, skipping
Shader 'Universal Render Pipeline/Particles/Lit': fallback shader 'Universal Render Pipeline/Particles/SimpleLit' not found
Refreshing native plugins compatible for Editor in 1.60 ms, found 0 plugins.
Preloading 0 native plugins for Editor in 0.00 ms.
Unloading 3318 Unused Serialized files (Serialized files now loaded: 0)
System memory in use before: 158.3 MB.
System memory in use after: 158.5 MB.

Unloading 8 unused Assets to reduce memory usage. Loaded Objects now: 3989.
Total: 9.544800 ms (FindLiveObjects: 0.769700 ms CreateObjectMapping: 0.541300 ms MarkObjects: 8.073800 ms  DeleteObjects: 0.157100 ms)

========================================================================
Received Import Request.
  Time since last request: 865.902089 seconds.
  path: Assets/Presets/AudioCompressedInMemory.preset
  artifactKey: Guid(2dd802e4d37c65149922028d3e973832) Importer(815301076,1909f56bfc062723c751e8b465ee728b)
Start importing Assets/Presets/AudioCompressedInMemory.preset using Guid(2dd802e4d37c65149922028d3e973832) Importer(815301076,1909f56bfc062723c751e8b465ee728b)  -> (artifact id: '2c521a0dc2bb725b47f63438c42596a1') in 0.040600 seconds 
========================================================================
Received Import Request.
  Time since last request: 0.000358 seconds.
  path: Assets/Presets/AudioStreaming.preset
  artifactKey: Guid(86bcce7f5575b54408aa0f3a7d321039) Importer(815301076,1909f56bfc062723c751e8b465ee728b)
Start importing Assets/Presets/AudioStreaming.preset using Guid(86bcce7f5575b54408aa0f3a7d321039) Importer(815301076,1909f56bfc062723c751e8b465ee728b)  -> (artifact id: 'a1c1c1f18132da4b7d6fc577b3ff6d4d') in 0.026165 seconds 
========================================================================
Received Import Request.
  Time since last request: 0.000384 seconds.
  path: Assets/Presets/NormalTexture.preset
  artifactKey: Guid(14a57cf3b9fa1c74b884aa7e0dcf1faa) Importer(815301076,1909f56bfc062723c751e8b465ee728b)
Start importing Assets/Presets/NormalTexture.preset using Guid(14a57cf3b9fa1c74b884aa7e0dcf1faa) Importer(815301076,1909f56bfc062723c751e8b465ee728b)  -> (artifact id: '5afbc0fc2f54656dfb75372a2b01c198') in 0.035873 seconds 
========================================================================
Received Import Request.
  Time since last request: 0.000305 seconds.
  path: Assets/Presets/UtilityTexture.preset
  artifactKey: Guid(45f7b2e3c78185248b3adbb14429c2ab) Importer(815301076,1909f56bfc062723c751e8b465ee728b)
Start importing Assets/Presets/UtilityTexture.preset using Guid(45f7b2e3c78185248b3adbb14429c2ab) Importer(815301076,1909f56bfc062723c751e8b465ee728b)  -> (artifact id: 'bcc87d3903b8e716822fcdf950e473e2') in 0.030571 seconds 
========================================================================
Received Import Request.
  Time since last request: 2.819068 seconds.
  path: Assets/Scenes/Main.unity
  artifactKey: Guid(acee71bb6b3f179409c40bb9ab978b60) Importer(815301076,1909f56bfc062723c751e8b465ee728b)
Start importing Assets/Scenes/Main.unity using Guid(acee71bb6b3f179409c40bb9ab978b60) Importer(815301076,1909f56bfc062723c751e8b465ee728b)  -> (artifact id: 'e7edf9776bf237cd23c0d011e076a5a2') in 0.015707 seconds 
========================================================================
Received Import Request.
  Time since last request: 113.653519 seconds.
  path: Assets/Plugins/Editor/ScriptInspector3/EditorResources/Smooth Fonts/DejaVu Sans Mono Bold.ttf
  artifactKey: Guid(3e9fc979480c815418fae055374df3ed) Importer(815301076,1909f56bfc062723c751e8b465ee728b)
Start importing Assets/Plugins/Editor/ScriptInspector3/EditorResources/Smooth Fonts/DejaVu Sans Mono Bold.ttf using Guid(3e9fc979480c815418fae055374df3ed) Importer(815301076,1909f56bfc062723c751e8b465ee728b)  -> (artifact id: '7b8210679212611931687f7691f4436b') in 0.458106 seconds 
========================================================================
Received Import Request.
  Time since last request: 0.000413 seconds.
  path: Assets/Thirdparty/Gridbox Prototype Materials/Resources/Materials/Skybox/Homogenous.mat
  artifactKey: Guid(69b7c4dc730691c4abb72e9a63ce23ff) Importer(815301076,1909f56bfc062723c751e8b465ee728b)
Start importing Assets/Thirdparty/Gridbox Prototype Materials/Resources/Materials/Skybox/Homogenous.mat using Guid(69b7c4dc730691c4abb72e9a63ce23ff) Importer(815301076,1909f56bfc062723c751e8b465ee728b)  -> (artifact id: 'daab16a2c8212d45aad4d3502d476f0d') in 0.156457 seconds 
========================================================================
Received Import Request.
  Time since last request: 0.000550 seconds.
  path: Assets/Thirdparty/Gridbox Prototype Materials/Demo/Prototype Materials Demo/GI Blocker.mat
  artifactKey: Guid(f9a5ce4748e5abd4288cab387226ef27) Importer(815301076,1909f56bfc062723c751e8b465ee728b)
Start importing Assets/Thirdparty/Gridbox Prototype Materials/Demo/Prototype Materials Demo/GI Blocker.mat using Guid(f9a5ce4748e5abd4288cab387226ef27) Importer(815301076,1909f56bfc062723c751e8b465ee728b)  -> (artifact id: 'f06b0eb311377e776f3b60e1fb262829') in 0.072797 seconds 
========================================================================
Received Import Request.
  Time since last request: 0.000339 seconds.
  path: Assets/Plugins/Editor/ScriptInspector3/EditorResources/Fonts/DejaVu Sans Mono Bold.ttf
  artifactKey: Guid(c2bd47fa93fb94740b403fcb08f2b086) Importer(815301076,1909f56bfc062723c751e8b465ee728b)
Start importing Assets/Plugins/Editor/ScriptInspector3/EditorResources/Fonts/DejaVu Sans Mono Bold.ttf using Guid(c2bd47fa93fb94740b403fcb08f2b086) Importer(815301076,1909f56bfc062723c751e8b465ee728b)  -> (artifact id: '5297d7caa6d824061d09523733a0336e') in 0.038997 seconds 
========================================================================
Received Import Request.
  Time since last request: 0.000366 seconds.
  path: Assets/Plugins/Editor/ScriptInspector3/EditorResources/Smooth Fonts/DejaVu Sans Mono.ttf
  artifactKey: Guid(9714d8baeb8cc6745981b27436bd07a1) Importer(815301076,1909f56bfc062723c751e8b465ee728b)
Start importing Assets/Plugins/Editor/ScriptInspector3/EditorResources/Smooth Fonts/DejaVu Sans Mono.ttf using Guid(9714d8baeb8cc6745981b27436bd07a1) Importer(815301076,1909f56bfc062723c751e8b465ee728b)  -> (artifact id: '2d5043503c4a8ff8e5c9594da7a3dd77') in 0.081724 seconds 
========================================================================
Received Import Request.
  Time since last request: 0.000772 seconds.
  path: Assets/Thirdparty/Gridbox Prototype Materials/Resources/Materials/Prototype Grid/Prototype_512x512_Blue1.mat
  artifactKey: Guid(663834164c6a04740aaa1b778249ce7e) Importer(815301076,1909f56bfc062723c751e8b465ee728b)
Start importing Assets/Thirdparty/Gridbox Prototype Materials/Resources/Materials/Prototype Grid/Prototype_512x512_Blue1.mat using Guid(663834164c6a04740aaa1b778249ce7e) Importer(815301076,1909f56bfc062723c751e8b465ee728b)  -> (artifact id: 'e320973b9d52dffeb8105d78ececb6b9') in 0.089091 seconds 
========================================================================
Received Import Request.
  Time since last request: 0.000290 seconds.
  path: Assets/Plugins/Editor/ScriptInspector3/EditorResources/Smooth Fonts/SourceCodePro-Regular.otf
  artifactKey: Guid(70ea775584919ac40ab0e6876bcad647) Importer(815301076,1909f56bfc062723c751e8b465ee728b)
Start importing Assets/Plugins/Editor/ScriptInspector3/EditorResources/Smooth Fonts/SourceCodePro-Regular.otf using Guid(70ea775584919ac40ab0e6876bcad647) Importer(815301076,1909f56bfc062723c751e8b465ee728b)  -> (artifact id: 'd32d5ffde2d83e45544f3ff7d27515bc') in 0.071944 seconds 
========================================================================
Received Import Request.
  Time since last request: 0.000330 seconds.
  path: Assets/Plugins/Editor/ScriptInspector3/EditorResources/Smooth Fonts/Inconsolata.otf
  artifactKey: Guid(93f0df04e28000e4d998db0ee8cc5877) Importer(815301076,1909f56bfc062723c751e8b465ee728b)
Start importing Assets/Plugins/Editor/ScriptInspector3/EditorResources/Smooth Fonts/Inconsolata.otf using Guid(93f0df04e28000e4d998db0ee8cc5877) Importer(815301076,1909f56bfc062723c751e8b465ee728b)  -> (artifact id: '0cc7747cdf2746f20cf89d6524917d1a') in 0.065050 seconds 
========================================================================
Received Import Request.
  Time since last request: 0.000513 seconds.
  path: Assets/Plugins/Editor/ScriptInspector3/EditorResources/Fonts/DejaVu Sans Mono.ttf
  artifactKey: Guid(13cb619672fa24a8181c94d4c891329c) Importer(815301076,1909f56bfc062723c751e8b465ee728b)
Start importing Assets/Plugins/Editor/ScriptInspector3/EditorResources/Fonts/DejaVu Sans Mono.ttf using Guid(13cb619672fa24a8181c94d4c891329c) Importer(815301076,1909f56bfc062723c751e8b465ee728b)  -> (artifact id: '4aeb37f016cfc10449fcdbd929624db7') in 0.065280 seconds 
========================================================================
Received Import Request.
  Time since last request: 0.000327 seconds.
  path: Assets/Thirdparty/Gridbox Prototype Materials/Resources/Materials/Prototype Grid/Prototype_512x512_Red.mat
  artifactKey: Guid(5a26de236ce89e94b963be8fa2b7ade6) Importer(815301076,1909f56bfc062723c751e8b465ee728b)
Start importing Assets/Thirdparty/Gridbox Prototype Materials/Resources/Materials/Prototype Grid/Prototype_512x512_Red.mat using Guid(5a26de236ce89e94b963be8fa2b7ade6) Importer(815301076,1909f56bfc062723c751e8b465ee728b)  -> (artifact id: '45d9dd50d56d9b1ab99a435aa20b75bf') in 0.082382 seconds 
========================================================================
Received Import Request.
  Time since last request: 0.000321 seconds.
  path: Assets/Thirdparty/Gridbox Prototype Materials/Resources/Materials/Prototype Grid/Prototype_512x512_Grey2 1.mat
  artifactKey: Guid(0b9c3a5034ba563428ba805076edb9a1) Importer(815301076,1909f56bfc062723c751e8b465ee728b)
Start importing Assets/Thirdparty/Gridbox Prototype Materials/Resources/Materials/Prototype Grid/Prototype_512x512_Grey2 1.mat using Guid(0b9c3a5034ba563428ba805076edb9a1) Importer(815301076,1909f56bfc062723c751e8b465ee728b)  -> (artifact id: '65a31bb23011b89d1fb766d88be5618a') in 0.070876 seconds 
========================================================================
Received Import Request.
  Time since last request: 0.000320 seconds.
  path: Assets/Plugins/Editor/ScriptInspector3/EditorResources/Smooth Fonts/SourceCodePro-Semibold.otf
  artifactKey: Guid(62ab3d81a332e044aa16ef6cd2a25951) Importer(815301076,1909f56bfc062723c751e8b465ee728b)
Start importing Assets/Plugins/Editor/ScriptInspector3/EditorResources/Smooth Fonts/SourceCodePro-Semibold.otf using Guid(62ab3d81a332e044aa16ef6cd2a25951) Importer(815301076,1909f56bfc062723c751e8b465ee728b)  -> (artifact id: '79e92b106b4ae4e13b0cabbff91f0aeb') in 0.065773 seconds 
========================================================================
Received Import Request.
  Time since last request: 0.000316 seconds.
  path: Assets/Thirdparty/Gridbox Prototype Materials/Resources/Materials/Prototype Grid/New Material.mat
  artifactKey: Guid(5c044dbe18fa20d4e9d4da046676b77a) Importer(815301076,1909f56bfc062723c751e8b465ee728b)
Start importing Assets/Thirdparty/Gridbox Prototype Materials/Resources/Materials/Prototype Grid/New Material.mat using Guid(5c044dbe18fa20d4e9d4da046676b77a) Importer(815301076,1909f56bfc062723c751e8b465ee728b)  -> (artifact id: '92d819d306d2a57a9fec94ae1d0b24c3') in 0.045846 seconds 
========================================================================
Received Import Request.
  Time since last request: 0.000331 seconds.
  path: Assets/Plugins/Editor/ScriptInspector3/EditorResources/Fonts/Inconsolata.otf
  artifactKey: Guid(00a06c0d1c7aac94b9ad4a2f169cfb54) Importer(815301076,1909f56bfc062723c751e8b465ee728b)
Start importing Assets/Plugins/Editor/ScriptInspector3/EditorResources/Fonts/Inconsolata.otf using Guid(00a06c0d1c7aac94b9ad4a2f169cfb54) Importer(815301076,1909f56bfc062723c751e8b465ee728b)  -> (artifact id: 'dc56cf085e7eb1e78532faf0108c477e') in 0.035802 seconds 
========================================================================
Received Import Request.
  Time since last request: 0.000410 seconds.
  path: Assets/Plugins/Editor/ScriptInspector3/EditorResources/Smooth Fonts/Monaco.ttf
  artifactKey: Guid(3ce24cbeeae06e347a0c966628168416) Importer(815301076,1909f56bfc062723c751e8b465ee728b)
Start importing Assets/Plugins/Editor/ScriptInspector3/EditorResources/Smooth Fonts/Monaco.ttf using Guid(3ce24cbeeae06e347a0c966628168416) Importer(815301076,1909f56bfc062723c751e8b465ee728b)  -> (artifact id: '20bff8a4cb3d9f25f5f338fa448a076e') in 0.044533 seconds 
========================================================================
Received Import Request.
  Time since last request: 0.000541 seconds.
  path: Assets/Thirdparty/Gridbox Prototype Materials/Resources/Materials/Prototype Grid/New Material 1.mat
  artifactKey: Guid(1ca30fab4da7a6a4a9dbc93e55825838) Importer(815301076,1909f56bfc062723c751e8b465ee728b)
Start importing Assets/Thirdparty/Gridbox Prototype Materials/Resources/Materials/Prototype Grid/New Material 1.mat using Guid(1ca30fab4da7a6a4a9dbc93e55825838) Importer(815301076,1909f56bfc062723c751e8b465ee728b)  -> (artifact id: '0171b3b0503d56029a97214789b8c9db') in 0.054927 seconds 
========================================================================
Received Import Request.
  Time since last request: 0.000368 seconds.
  path: Assets/Thirdparty/Gridbox Prototype Materials/Resources/Materials/Prototype Grid/Prototype_512x512_Grey3.mat
  artifactKey: Guid(17c44fb3e5be9644586a0728a5f5a386) Importer(815301076,1909f56bfc062723c751e8b465ee728b)
Start importing Assets/Thirdparty/Gridbox Prototype Materials/Resources/Materials/Prototype Grid/Prototype_512x512_Grey3.mat using Guid(17c44fb3e5be9644586a0728a5f5a386) Importer(815301076,1909f56bfc062723c751e8b465ee728b)  -> (artifact id: 'ea56b328a4839a4f413447890f1e2903') in 0.061967 seconds 
========================================================================
Received Import Request.
  Time since last request: 0.000513 seconds.
  path: Assets/Thirdparty/Gridbox Prototype Materials/Resources/Materials/Prototype Grid/Prototype_512x512_Grey4.mat
  artifactKey: Guid(8d530ffe6c4968843806085897955b9d) Importer(815301076,1909f56bfc062723c751e8b465ee728b)
Start importing Assets/Thirdparty/Gridbox Prototype Materials/Resources/Materials/Prototype Grid/Prototype_512x512_Grey4.mat using Guid(8d530ffe6c4968843806085897955b9d) Importer(815301076,1909f56bfc062723c751e8b465ee728b)  -> (artifact id: '95043c2f1d4833832c15be9eabf6b718') in 0.050186 seconds 
========================================================================
Received Import Request.
  Time since last request: 0.000554 seconds.
  path: Assets/Plugins/Editor/ScriptInspector3/EditorResources/Fonts/Monaco.ttf
  artifactKey: Guid(974b85e285f47a94aa988645647ff9c9) Importer(815301076,1909f56bfc062723c751e8b465ee728b)
Start importing Assets/Plugins/Editor/ScriptInspector3/EditorResources/Fonts/Monaco.ttf using Guid(974b85e285f47a94aa988645647ff9c9) Importer(815301076,1909f56bfc062723c751e8b465ee728b)  -> (artifact id: '0f58c00669675954af50b0aa78a918a3') in 0.050746 seconds 
========================================================================
Received Import Request.
  Time since last request: 0.000298 seconds.
  path: Assets/Thirdparty/Gridbox Prototype Materials/Resources/Materials/Prototype Grid/Prototype_512x512_Green1.mat
  artifactKey: Guid(79f64ed6f5d6d374d91c3a0af4070258) Importer(815301076,1909f56bfc062723c751e8b465ee728b)
Start importing Assets/Thirdparty/Gridbox Prototype Materials/Resources/Materials/Prototype Grid/Prototype_512x512_Green1.mat using Guid(79f64ed6f5d6d374d91c3a0af4070258) Importer(815301076,1909f56bfc062723c751e8b465ee728b)  -> (artifact id: '69ac998e5df6fa18d4a3b2a7364856a0') in 0.085140 seconds 
========================================================================
Received Import Request.
  Time since last request: 0.000315 seconds.
  path: Assets/Thirdparty/Gridbox Prototype Materials/Resources/Materials/Prototype Grid/Prototype_512x512_Blue3.mat
  artifactKey: Guid(b0b4de3bd6e976e4f8b3adc6e72377ed) Importer(815301076,1909f56bfc062723c751e8b465ee728b)
Start importing Assets/Thirdparty/Gridbox Prototype Materials/Resources/Materials/Prototype Grid/Prototype_512x512_Blue3.mat using Guid(b0b4de3bd6e976e4f8b3adc6e72377ed) Importer(815301076,1909f56bfc062723c751e8b465ee728b)  -> (artifact id: 'a855dc9877e3303d4f01899086190cb7') in 0.069615 seconds 
========================================================================
Received Import Request.
  Time since last request: 0.000314 seconds.
  path: Assets/Thirdparty/Gridbox Prototype Materials/Demo/Prototype Materials Demo/Neon Light.mat
  artifactKey: Guid(b234e1586ac9f524f8162eb03da23c35) Importer(815301076,1909f56bfc062723c751e8b465ee728b)
Start importing Assets/Thirdparty/Gridbox Prototype Materials/Demo/Prototype Materials Demo/Neon Light.mat using Guid(b234e1586ac9f524f8162eb03da23c35) Importer(815301076,1909f56bfc062723c751e8b465ee728b)  -> (artifact id: '68cd1f44057b95843f3ff579dbd5dbaf') in 0.788075 seconds 
========================================================================
Received Import Request.
  Time since last request: 0.000342 seconds.
  path: Assets/Thirdparty/Gridbox Prototype Materials/Resources/Materials/Prototype Grid/Prototype_512x512_White.mat
  artifactKey: Guid(aeee7071bea0a4c478b4fea5933c5f79) Importer(815301076,1909f56bfc062723c751e8b465ee728b)
Start importing Assets/Thirdparty/Gridbox Prototype Materials/Resources/Materials/Prototype Grid/Prototype_512x512_White.mat using Guid(aeee7071bea0a4c478b4fea5933c5f79) Importer(815301076,1909f56bfc062723c751e8b465ee728b)  -> (artifact id: '497f8b2ec4fcec4b5bc5fbbb69b8b790') in 0.068476 seconds 
========================================================================
Received Import Request.
  Time since last request: 0.000313 seconds.
  path: Assets/Plugins/Editor/ScriptInspector3/EditorResources/Fonts/SourceCodePro-Regular.otf
  artifactKey: Guid(ad6ef108a66aa7a439bf72424a56b8d3) Importer(815301076,1909f56bfc062723c751e8b465ee728b)
Start importing Assets/Plugins/Editor/ScriptInspector3/EditorResources/Fonts/SourceCodePro-Regular.otf using Guid(ad6ef108a66aa7a439bf72424a56b8d3) Importer(815301076,1909f56bfc062723c751e8b465ee728b)  -> (artifact id: '17f8cc0dfb1d75b216d1f64cc8417eb5') in 0.058535 seconds 
========================================================================
Received Import Request.
  Time since last request: 0.000323 seconds.
  path: Assets/Thirdparty/Gridbox Prototype Materials/Resources/Materials/Prototype Grid/Prototype_512x512_Cyan.mat
  artifactKey: Guid(cba66c276aed0874091de1c33eb3950d) Importer(815301076,1909f56bfc062723c751e8b465ee728b)
Start importing Assets/Thirdparty/Gridbox Prototype Materials/Resources/Materials/Prototype Grid/Prototype_512x512_Cyan.mat using Guid(cba66c276aed0874091de1c33eb3950d) Importer(815301076,1909f56bfc062723c751e8b465ee728b)  -> (artifact id: '9cc832275444193507df1b83451fcee7') in 0.071856 seconds 
========================================================================
Received Import Request.
  Time since last request: 0.000869 seconds.
  path: Assets/Thirdparty/Gridbox Prototype Materials/Resources/Materials/Skybox/Skybox Pink.mat
  artifactKey: Guid(e1466517f0324e543bdaa4af82c4cad0) Importer(815301076,1909f56bfc062723c751e8b465ee728b)
Start importing Assets/Thirdparty/Gridbox Prototype Materials/Resources/Materials/Skybox/Skybox Pink.mat using Guid(e1466517f0324e543bdaa4af82c4cad0) Importer(815301076,1909f56bfc062723c751e8b465ee728b)  -> (artifact id: 'f5ee2e57b18c470f6918273f30e5a399') in 0.077262 seconds 
========================================================================
Received Import Request.
  Time since last request: 0.000302 seconds.
  path: Assets/Thirdparty/Gridbox Prototype Materials/Resources/Materials/Skybox/Skybox Grey.mat
  artifactKey: Guid(32be28fd0faea1641aff7ddbf194bb6a) Importer(815301076,1909f56bfc062723c751e8b465ee728b)
Start importing Assets/Thirdparty/Gridbox Prototype Materials/Resources/Materials/Skybox/Skybox Grey.mat using Guid(32be28fd0faea1641aff7ddbf194bb6a) Importer(815301076,1909f56bfc062723c751e8b465ee728b)  -> (artifact id: '8ef184d372bb44ba494f3f68148dddd9') in 0.053727 seconds 
========================================================================
Received Import Request.
  Time since last request: 0.000477 seconds.
  path: Assets/Thirdparty/Gridbox Prototype Materials/Resources/Materials/Skybox/Skybox Night.mat
  artifactKey: Guid(e19adf50a9d4b374d99ba1eaa1497e60) Importer(815301076,1909f56bfc062723c751e8b465ee728b)
Start importing Assets/Thirdparty/Gridbox Prototype Materials/Resources/Materials/Skybox/Skybox Night.mat using Guid(e19adf50a9d4b374d99ba1eaa1497e60) Importer(815301076,1909f56bfc062723c751e8b465ee728b)  -> (artifact id: '6ddf8f7185876a74f4dabf8f1f641a29') in 0.059146 seconds 
========================================================================
Received Import Request.
  Time since last request: 0.000326 seconds.
  path: Assets/Thirdparty/Gridbox Prototype Materials/Resources/Materials/Skybox/Skybox Green.mat
  artifactKey: Guid(3f8d5e4fd826ec04293f64a40946a188) Importer(815301076,1909f56bfc062723c751e8b465ee728b)
Start importing Assets/Thirdparty/Gridbox Prototype Materials/Resources/Materials/Skybox/Skybox Green.mat using Guid(3f8d5e4fd826ec04293f64a40946a188) Importer(815301076,1909f56bfc062723c751e8b465ee728b)  -> (artifact id: 'e4b40e22aff15667d6f64994246d82fc') in 0.067378 seconds 
========================================================================
Received Import Request.
  Time since last request: 0.000298 seconds.
  path: Assets/Thirdparty/Gridbox Prototype Materials/Resources/Materials/Prototype Grid/Prototype_512x512_Orange.mat
  artifactKey: Guid(652107f36a28e44479c0b827dee5852a) Importer(815301076,1909f56bfc062723c751e8b465ee728b)
Start importing Assets/Thirdparty/Gridbox Prototype Materials/Resources/Materials/Prototype Grid/Prototype_512x512_Orange.mat using Guid(652107f36a28e44479c0b827dee5852a) Importer(815301076,1909f56bfc062723c751e8b465ee728b)  -> (artifact id: '0c1250fe70363c9e1bec736b9198a02e') in 0.069285 seconds 
========================================================================
Received Import Request.
  Time since last request: 0.000748 seconds.
  path: Assets/Thirdparty/Gridbox Prototype Materials/Resources/Materials/Prototype Grid/Prototype_512x512_Green2.mat
  artifactKey: Guid(dbe80190c9adea34c8c8845ca4a17934) Importer(815301076,1909f56bfc062723c751e8b465ee728b)
Start importing Assets/Thirdparty/Gridbox Prototype Materials/Resources/Materials/Prototype Grid/Prototype_512x512_Green2.mat using Guid(dbe80190c9adea34c8c8845ca4a17934) Importer(815301076,1909f56bfc062723c751e8b465ee728b)  -> (artifact id: '4c6222d71af5d1e22ecfd7e761a8d123') in 0.079272 seconds 
========================================================================
Received Import Request.
  Time since last request: 0.000306 seconds.
  path: Assets/Thirdparty/Gridbox Prototype Materials/Resources/Materials/Prototype Grid/Prototype_512x512_Grey1.mat
  artifactKey: Guid(c181c23a6120fbe4aadd5bb53a58dd78) Importer(815301076,1909f56bfc062723c751e8b465ee728b)
Start importing Assets/Thirdparty/Gridbox Prototype Materials/Resources/Materials/Prototype Grid/Prototype_512x512_Grey1.mat using Guid(c181c23a6120fbe4aadd5bb53a58dd78) Importer(815301076,1909f56bfc062723c751e8b465ee728b)  -> (artifact id: '6a85c7a74e43e8a8a407a13a4f155c4b') in 0.062368 seconds 
========================================================================
Received Import Request.
  Time since last request: 0.000376 seconds.
  path: Assets/Thirdparty/Gridbox Prototype Materials/Resources/Materials/Prototype Grid/Prototype_512x512_Purple.mat
  artifactKey: Guid(36bce9ab6cae8ce43962938466458044) Importer(815301076,1909f56bfc062723c751e8b465ee728b)
Start importing Assets/Thirdparty/Gridbox Prototype Materials/Resources/Materials/Prototype Grid/Prototype_512x512_Purple.mat using Guid(36bce9ab6cae8ce43962938466458044) Importer(815301076,1909f56bfc062723c751e8b465ee728b)  -> (artifact id: 'd2a78fe76c70b9738821f5c904eb57c5') in 0.061288 seconds 
========================================================================
Received Import Request.
  Time since last request: 0.000849 seconds.
  path: Assets/Thirdparty/Gridbox Prototype Materials/Resources/Materials/Skybox/Skybox Golden.mat
  artifactKey: Guid(3dd17ef8b3eba264ea4b016ffd09e334) Importer(815301076,1909f56bfc062723c751e8b465ee728b)
Start importing Assets/Thirdparty/Gridbox Prototype Materials/Resources/Materials/Skybox/Skybox Golden.mat using Guid(3dd17ef8b3eba264ea4b016ffd09e334) Importer(815301076,1909f56bfc062723c751e8b465ee728b)  -> (artifact id: 'ef1be0ecf697c1e07bc19e77a7475ac4') in 0.052329 seconds 
========================================================================
Received Import Request.
  Time since last request: 0.000276 seconds.
  path: Assets/Plugins/Editor/ScriptInspector3/EditorResources/Fonts/SourceCodePro-Semibold.otf
  artifactKey: Guid(02400354d5ec1b04f852f07c24feebcf) Importer(815301076,1909f56bfc062723c751e8b465ee728b)
Start importing Assets/Plugins/Editor/ScriptInspector3/EditorResources/Fonts/SourceCodePro-Semibold.otf using Guid(02400354d5ec1b04f852f07c24feebcf) Importer(815301076,1909f56bfc062723c751e8b465ee728b)  -> (artifact id: '257c63ca32a6897ea1db9c13f07ef066') in 0.069589 seconds 
========================================================================
Received Import Request.
  Time since last request: 0.000304 seconds.
  path: Assets/Thirdparty/Gridbox Prototype Materials/Resources/Materials/Prototype Grid/Prototype_512x512_Yellow.mat
  artifactKey: Guid(c852af001dae0064e9acaa832f1dadb7) Importer(815301076,1909f56bfc062723c751e8b465ee728b)
Start importing Assets/Thirdparty/Gridbox Prototype Materials/Resources/Materials/Prototype Grid/Prototype_512x512_Yellow.mat using Guid(c852af001dae0064e9acaa832f1dadb7) Importer(815301076,1909f56bfc062723c751e8b465ee728b)  -> (artifact id: '7c0e8c149dc8937a118c7419c87e0cae') in 0.082693 seconds 
========================================================================
Received Import Request.
  Time since last request: 0.000310 seconds.
  path: Assets/Thirdparty/Gridbox Prototype Materials/Resources/Materials/Prototype Grid/Prototype_512x512_Grey2.mat
  artifactKey: Guid(07dc66ae04b7f6a43b9674bf0fefb33a) Importer(815301076,1909f56bfc062723c751e8b465ee728b)
Start importing Assets/Thirdparty/Gridbox Prototype Materials/Resources/Materials/Prototype Grid/Prototype_512x512_Grey2.mat using Guid(07dc66ae04b7f6a43b9674bf0fefb33a) Importer(815301076,1909f56bfc062723c751e8b465ee728b)  -> (artifact id: '62ce6cf2df840377825ad8c2c6a2a4c2') in 0.069404 seconds 
========================================================================
Received Import Request.
  Time since last request: 0.000322 seconds.
  path: Assets/Thirdparty/Gridbox Prototype Materials/Resources/Materials/Prototype Grid/Prototype_512x512_Brown.mat
  artifactKey: Guid(a54b7ad866d3a9b47bbf3b53baa0acc4) Importer(815301076,1909f56bfc062723c751e8b465ee728b)
Start importing Assets/Thirdparty/Gridbox Prototype Materials/Resources/Materials/Prototype Grid/Prototype_512x512_Brown.mat using Guid(a54b7ad866d3a9b47bbf3b53baa0acc4) Importer(815301076,1909f56bfc062723c751e8b465ee728b)  -> (artifact id: '7e539342347c45011a13c78338162e93') in 0.066244 seconds 
========================================================================
Received Import Request.
  Time since last request: 0.000313 seconds.
  path: Assets/Thirdparty/Gridbox Prototype Materials/Resources/Materials/Skybox/Skybox Blue.mat
  artifactKey: Guid(d2f24bfdb0a758e41813bbc7ae4f978f) Importer(815301076,1909f56bfc062723c751e8b465ee728b)
Start importing Assets/Thirdparty/Gridbox Prototype Materials/Resources/Materials/Skybox/Skybox Blue.mat using Guid(d2f24bfdb0a758e41813bbc7ae4f978f) Importer(815301076,1909f56bfc062723c751e8b465ee728b)  -> (artifact id: '2afd1a446ad7a0fca5f559a91a360f4f') in 0.068008 seconds 
========================================================================
Received Import Request.
  Time since last request: 0.000349 seconds.
  path: Assets/Samples/ProBuilder/5.0.0-pre.7/Universal Render Pipeline Support/Material/ProBuilder Default URP.mat
  artifactKey: Guid(25a9fb42d361f46ad89221f6d301e96e) Importer(815301076,1909f56bfc062723c751e8b465ee728b)
Start importing Assets/Samples/ProBuilder/5.0.0-pre.7/Universal Render Pipeline Support/Material/ProBuilder Default URP.mat using Guid(25a9fb42d361f46ad89221f6d301e96e) Importer(815301076,1909f56bfc062723c751e8b465ee728b)  -> (artifact id: '21d11e94cec2c361375fe380ac6442d8') in 0.078407 seconds 
========================================================================
Received Import Request.
  Time since last request: 0.000287 seconds.
  path: Assets/Thirdparty/Gridbox Prototype Materials/Resources/Materials/Prototype Grid/Prototype_512x512_Blue2.mat
  artifactKey: Guid(5e148de6cdf2d164aa3e3f90ce8c852c) Importer(815301076,1909f56bfc062723c751e8b465ee728b)
Start importing Assets/Thirdparty/Gridbox Prototype Materials/Resources/Materials/Prototype Grid/Prototype_512x512_Blue2.mat using Guid(5e148de6cdf2d164aa3e3f90ce8c852c) Importer(815301076,1909f56bfc062723c751e8b465ee728b)  -> (artifact id: '20ba4bb084f3c5d26220d554b77efc47') in 0.058944 seconds 
